<?xml version="1.0" encoding="UTF-8"?>
<!-- Generated by org.testng.reporters.JUnitXMLReporter -->
<testsuite ignored="0" hostname="LTIN666662" failures="0" tests="7" name="Default test" time="96.311" errors="0" timestamp="2026-05-14T15:47:12 IST">
  <testcase classname="com.selenium.miniProject.GoogleCognizantTest" name="openGoogleAndPrintLinks" time="1.065"/>
  <testcase classname="com.selenium.miniProject.GoogleCognizantTest" name="typeCognizantAndCaptureSuggestions" time="1.287"/>
  <testcase classname="com.selenium.miniProject.GoogleCognizantTest" name="findSearchResultsCount" time="58.83"/>
  <testcase classname="com.selenium.miniProject.GoogleCognizantTest" name="clickAllTab" time="0.378"/>
  <testcase classname="com.selenium.miniProject.GoogleCognizantTest" name="clickNewsTab" time="6.656"/>
  <testcase classname="com.selenium.miniProject.GoogleCognizantTest" name="clickImagesTab" time="7.268"/>
  <testcase classname="com.selenium.miniProject.GoogleCognizantTest" name="clickVideosTab" time="6.863"/>
</testsuite> <!-- Default test -->
