<?xml version="1.0" encoding="UTF-8"?>
<!-- Generated by org.testng.reporters.JUnitXMLReporter -->
<testsuite ignored="0" hostname="LTIN666662" failures="0" tests="7" name="ChromeTest" time="81.538" errors="0" timestamp="2026-05-12T10:05:20 IST">
  <testcase classname="com.selenium.miniProject.GoogleCognizantTest" name="openGoogleAndPrintLinks" time="3.95"/>
  <testcase classname="com.selenium.miniProject.GoogleCognizantTest" name="typeCognizantAndCaptureSuggestions" time="2.073"/>
  <testcase classname="com.selenium.miniProject.GoogleCognizantTest" name="findSearchResultsCount" time="32.152"/>
  <testcase classname="com.selenium.miniProject.GoogleCognizantTest" name="clickAllTab" time="1.683"/>
  <testcase classname="com.selenium.miniProject.GoogleCognizantTest" name="clickNewsTab" time="8.145"/>
  <testcase classname="com.selenium.miniProject.GoogleCognizantTest" name="clickImagesTab" time="9.177"/>
  <testcase classname="com.selenium.miniProject.GoogleCognizantTest" name="clickVideosTab" time="8.536"/>
</testsuite> <!-- ChromeTest -->
